Сборка начата 16.05.2023 19:50:20.
Уровень детализации журнала: Normal.     1>Проект "D:\Учеба\Basics_of_algorithmization_and_programming\Labs\Lab16\Lab16\Lab16\Lab16.vcxproj" в узле 2 (целевые объекты Build).
     1>InitializeBuildStatus:
         Создание "Release\Lab16.tlog\unsuccessfulbuild", так как было задано "AlwaysCreate".
       ClCompile:
         C:\Program Files\Microsoft Visual Studio\2022\Community\VC\Tools\MSVC\14.33.31629\bin\HostX86\x86\CL.exe /c /Zi /nologo /W3 /WX- /diagnostics:column /sdl /O2 /Oi /Oy- /GL /D WIN32 /D NDEBUG /D _CONSOLE /D _UNICODE /D UNICODE /Gm- /EHsc /MD /GS /Gy /fp:precise /Zc:wchar_t /Zc:forScope /Zc:inline /permissive- /Fo"Release\\" /Fd"Release\vc143.pdb" /external:W3 /Gd /TP /analyze- /FC /errorReport:prompt variant10.cpp
         variant10.cpp
     1>D:\Учеба\Basics_of_algorithmization_and_programming\Labs\Lab16\Lab16\Lab16\variant10.cpp(11,13): warning C4326: возвращаемый тип "main" должен быть "int", а не "void"
     1>D:\Учеба\Basics_of_algorithmization_and_programming\Labs\Lab16\Lab16\Lab16\variant10.cpp(20,12): warning C4244: аргумент: преобразование "time_t" в "unsigned int", возможна потеря данных
       Link:
         C:\Program Files\Microsoft Visual Studio\2022\Community\VC\Tools\MSVC\14.33.31629\bin\HostX86\x86\link.exe /ERRORREPORT:PROMPT /OUT:"D:\Учеба\Basics_of_algorithmization_and_programming\Labs\Lab16\Lab16\Release\Lab16.exe" /NOLOGO kernel32.lib user32.lib gdi32.lib winspool.lib comdlg32.lib advapi32.lib shell32.lib ole32.lib oleaut32.lib uuid.lib odbc32.lib odbccp32.lib /MANIFEST /MANIFESTUAC:"level='asInvoker' uiAccess='false'" /manifest:embed /DEBUG /PDB:"D:\Учеба\Basics_of_algorithmization_and_programming\Labs\Lab16\Lab16\Release\Lab16.pdb" /SUBSYSTEM:CONSOLE /OPT:REF /OPT:ICF /LTCG:incremental /LTCGOUT:"Release\Lab16.iobj" /TLBID:1 /DYNAMICBASE /NXCOMPAT /IMPLIB:"D:\Учеба\Basics_of_algorithmization_and_programming\Labs\Lab16\Lab16\Release\Lab16.lib" /MACHINE:X86 /SAFESEH Release\variant10.obj
         Создание кода
         2 of 15 functions (13.3%) were compiled, the rest were copied from previous compilation.
           0 functions were new in current compilation
           0 functions had inline decision re-evaluated but remain unchanged
         Создание кода завершено
         Lab16.vcxproj -> D:\Учеба\Basics_of_algorithmization_and_programming\Labs\Lab16\Lab16\Release\Lab16.exe
       FinalizeBuildStatus:
         Файл "Release\Lab16.tlog\unsuccessfulbuild" удаляется.
         Обращение к "Release\Lab16.tlog\Lab16.lastbuildstate".
     1>Сборка проекта "D:\Учеба\Basics_of_algorithmization_and_programming\Labs\Lab16\Lab16\Lab16\Lab16.vcxproj" завершена (целевые объекты Build).

Сборка успешно завершена.

       "D:\Учеба\Basics_of_algorithmization_and_programming\Labs\Lab16\Lab16\Lab16\Lab16.vcxproj" (целевой объект Build ) (1) ->
       (Целевой объект ClCompile) -> 
         D:\Учеба\Basics_of_algorithmization_and_programming\Labs\Lab16\Lab16\Lab16\variant10.cpp(11,13): warning C4326: возвращаемый тип "main" должен быть "int", а не "void"
         D:\Учеба\Basics_of_algorithmization_and_programming\Labs\Lab16\Lab16\Lab16\variant10.cpp(20,12): warning C4244: аргумент: преобразование "time_t" в "unsigned int", возможна потеря данных

    Предупреждений: 2
    Ошибок: 0

Прошло времени 00:00:02.39
