Сборка начата 07.03.2023 13:39:08.
Уровень детализации журнала: Normal.     1>Проект "D:\Учеба\Basics of algorithmization and programming\Labs\Lab03\Lab03_var2_task1\Lab03_var2_task1.vcxproj" в узле 2 (целевые объекты Build).
     1>InitializeBuildStatus:
         Создание "x64\Debug\Lab03_var2_task1.tlog\unsuccessfulbuild", так как было задано "AlwaysCreate".
       ClCompile:
         C:\Program Files\Microsoft Visual Studio\2022\Community\VC\Tools\MSVC\14.33.31629\bin\HostX64\x64\CL.exe /c /ZI /JMC /nologo /W3 /WX- /diagnostics:column /sdl /Od /D _DEBUG /D _CONSOLE /D _UNICODE /D UNICODE /Gm- /EHsc /RTC1 /MDd /GS /fp:precise /Zc:wchar_t /Zc:forScope /Zc:inline /permissive- /Fo"x64\Debug\\" /Fd"x64\Debug\vc143.pdb" /external:W3 /Gd /TP /FC /errorReport:prompt lab03_var2_task1.cpp
         lab03_var2_task1.cpp
     1>D:\Учеба\Basics of algorithmization and programming\Labs\Lab03\Lab03_var2_task1\lab03_var2_task1.cpp(11,6): warning C4101: k: неиспользованная локальная переменная
       Link:
         C:\Program Files\Microsoft Visual Studio\2022\Community\VC\Tools\MSVC\14.33.31629\bin\HostX64\x64\link.exe /ERRORREPORT:PROMPT /OUT:"D:\Учеба\Basics of algorithmization and programming\Labs\Lab03\x64\Debug\Lab03_var2_task1.exe" /INCREMENTAL /ILK:"x64\Debug\Lab03_var2_task1.ilk" /NOLOGO kernel32.lib user32.lib gdi32.lib winspool.lib comdlg32.lib advapi32.lib shell32.lib ole32.lib oleaut32.lib uuid.lib odbc32.lib odbccp32.lib /MANIFEST /MANIFESTUAC:"level='asInvoker' uiAccess='false'" /manifest:embed /DEBUG /PDB:"D:\Учеба\Basics of algorithmization and programming\Labs\Lab03\x64\Debug\Lab03_var2_task1.pdb" /SUBSYSTEM:CONSOLE /TLBID:1 /DYNAMICBASE /NXCOMPAT /IMPLIB:"D:\Учеба\Basics of algorithmization and programming\Labs\Lab03\x64\Debug\Lab03_var2_task1.lib" /MACHINE:X64 x64\Debug\lab03_var2_task1.obj
         Lab03_var2_task1.vcxproj -> D:\Учеба\Basics of algorithmization and programming\Labs\Lab03\x64\Debug\Lab03_var2_task1.exe
       FinalizeBuildStatus:
         Файл "x64\Debug\Lab03_var2_task1.tlog\unsuccessfulbuild" удаляется.
         Обращение к "x64\Debug\Lab03_var2_task1.tlog\Lab03_var2_task1.lastbuildstate".
     1>Сборка проекта "D:\Учеба\Basics of algorithmization and programming\Labs\Lab03\Lab03_var2_task1\Lab03_var2_task1.vcxproj" завершена (целевые объекты Build).

Сборка успешно завершена.

       "D:\Учеба\Basics of algorithmization and programming\Labs\Lab03\Lab03_var2_task1\Lab03_var2_task1.vcxproj" (целевой объект Build ) (1) ->
       (Целевой объект ClCompile) -> 
         D:\Учеба\Basics of algorithmization and programming\Labs\Lab03\Lab03_var2_task1\lab03_var2_task1.cpp(11,6): warning C4101: k: неиспользованная локальная переменная

    Предупреждений: 1
    Ошибок: 0

Прошло времени 00:00:01.73
