Сборка начата 08.04.2023 22:56:00.
Уровень детализации журнала: Normal.     1>Проект "D:\Учеба\Basics_of_algorithmization_and_programming\Labs\Lab13\Lab13\Something\Something.vcxproj" в узле 2 (целевые объекты Build).
     1>InitializeBuildStatus:
         Создание "Debug\Something.tlog\unsuccessfulbuild", так как было задано "AlwaysCreate".
       ClCompile:
         C:\Program Files\Microsoft Visual Studio\2022\Community\VC\Tools\MSVC\14.33.31629\bin\HostX86\x86\CL.exe /c /ZI /JMC /nologo /W3 /WX- /diagnostics:column /sdl /Od /Oy- /D WIN32 /D _DEBUG /D _CONSOLE /D _UNICODE /D UNICODE /Gm- /EHsc /RTC1 /MDd /GS /fp:precise /Zc:wchar_t /Zc:forScope /Zc:inline /permissive- /Fo"Debug\\" /Fd"Debug\vc143.pdb" /external:W3 /Gd /TP /analyze- /FC /errorReport:prompt soemthing.cpp
         soemthing.cpp
       Link:
         C:\Program Files\Microsoft Visual Studio\2022\Community\VC\Tools\MSVC\14.33.31629\bin\HostX86\x86\link.exe /ERRORREPORT:PROMPT /OUT:"D:\Учеба\Basics_of_algorithmization_and_programming\Labs\Lab13\Lab13\Debug\Something.exe" /INCREMENTAL /ILK:"Debug\Something.ilk" /NOLOGO kernel32.lib user32.lib gdi32.lib winspool.lib comdlg32.lib advapi32.lib shell32.lib ole32.lib oleaut32.lib uuid.lib odbc32.lib odbccp32.lib /MANIFEST /MANIFESTUAC:"level='asInvoker' uiAccess='false'" /manifest:embed /DEBUG /PDB:"D:\Учеба\Basics_of_algorithmization_and_programming\Labs\Lab13\Lab13\Debug\Something.pdb" /SUBSYSTEM:CONSOLE /TLBID:1 /DYNAMICBASE /NXCOMPAT /IMPLIB:"D:\Учеба\Basics_of_algorithmization_and_programming\Labs\Lab13\Lab13\Debug\Something.lib" /MACHINE:X86 Debug\soemthing.obj
     1>C:\Program Files\Microsoft Visual Studio\2022\Community\MSBuild\Microsoft\VC\v170\Microsoft.CppCommon.targets(1094,5): error MSB6006: "link.exe" завершилась с кодом 1168.
     1>LINK : fatal error LNK1168: не удается открыть D:\Учеба\Basics_of_algorithmization_and_programming\Labs\Lab13\Lab13\Debug\Something.exe для записи
     1>Сборка проекта "D:\Учеба\Basics_of_algorithmization_and_programming\Labs\Lab13\Lab13\Something\Something.vcxproj" завершена (целевые объекты Build) с ошибкой.

Ошибка сборки.

       "D:\Учеба\Basics_of_algorithmization_and_programming\Labs\Lab13\Lab13\Something\Something.vcxproj" (целевой объект Build ) (1) ->
       (Целевой объект Link) -> 
         C:\Program Files\Microsoft Visual Studio\2022\Community\MSBuild\Microsoft\VC\v170\Microsoft.CppCommon.targets(1094,5): error MSB6006: "link.exe" завершилась с кодом 1168.
         LINK : fatal error LNK1168: не удается открыть D:\Учеба\Basics_of_algorithmization_and_programming\Labs\Lab13\Lab13\Debug\Something.exe для записи

    Предупреждений: 0
    Ошибок: 2

Прошло времени 00:00:01.87
