Сборка начата 10.03.2023 20:29:46.
Уровень детализации журнала: Normal.     1>Проект "D:\Учеба\Basics of algorithmization and programming\Labs\Lab05\Project1\Project1\Project1.vcxproj" в узле 2 (целевые объекты Rebuild).
     1>_PrepareForClean:
         Файл "x64\Debug\var10_1.tlog\var10_1.lastbuildstate" удаляется.
       InitializeBuildStatus:
         Создание "x64\Debug\var10_1.tlog\unsuccessfulbuild", так как было задано "AlwaysCreate".
       ClCompile:
         C:\Program Files\Microsoft Visual Studio\2022\Community\VC\Tools\MSVC\14.33.31629\bin\HostX64\x64\CL.exe /c /ZI /JMC /nologo /W3 /WX- /diagnostics:column /sdl /Od /D _DEBUG /D _CONSOLE /D _UNICODE /D UNICODE /Gm- /EHsc /RTC1 /MDd /GS /fp:precise /Zc:wchar_t /Zc:forScope /Zc:inline /permissive- /Fo"x64\Debug\\" /Fd"x64\Debug\vc143.pdb" /external:W3 /Gd /TP /FC /errorReport:prompt var10_1.cpp
         var10_1.cpp
     1>D:\Учеба\Basics of algorithmization and programming\Labs\Lab05\Project1\Project1\var10_1.cpp(41,1): warning C4326: возвращаемый тип "main" должен быть "int", а не "void"
     1>D:\Учеба\Basics of algorithmization and programming\Labs\Lab05\Project1\Project1\var10_1.cpp(153,27): warning C4018: >: несоответствие типов со знаком и без знака
       Link:
         C:\Program Files\Microsoft Visual Studio\2022\Community\VC\Tools\MSVC\14.33.31629\bin\HostX64\x64\link.exe /ERRORREPORT:PROMPT /OUT:"D:\Учеба\Basics of algorithmization and programming\Labs\Lab05\Project1\x64\Debug\var10_1.exe" /INCREMENTAL /ILK:"x64\Debug\var10_1.ilk" /NOLOGO kernel32.lib user32.lib gdi32.lib winspool.lib comdlg32.lib advapi32.lib shell32.lib ole32.lib oleaut32.lib uuid.lib odbc32.lib odbccp32.lib /MANIFEST /MANIFESTUAC:"level='asInvoker' uiAccess='false'" /manifest:embed /DEBUG /PDB:"D:\Учеба\Basics of algorithmization and programming\Labs\Lab05\Project1\x64\Debug\var10_1.pdb" /SUBSYSTEM:CONSOLE /TLBID:1 /DYNAMICBASE /NXCOMPAT /IMPLIB:"D:\Учеба\Basics of algorithmization and programming\Labs\Lab05\Project1\x64\Debug\var10_1.lib" /MACHINE:X64 x64\Debug\var10_1.obj
         Project1.vcxproj -> D:\Учеба\Basics of algorithmization and programming\Labs\Lab05\Project1\x64\Debug\var10_1.exe
       FinalizeBuildStatus:
         Файл "x64\Debug\var10_1.tlog\unsuccessfulbuild" удаляется.
         Обращение к "x64\Debug\var10_1.tlog\var10_1.lastbuildstate".
     1>Сборка проекта "D:\Учеба\Basics of algorithmization and programming\Labs\Lab05\Project1\Project1\Project1.vcxproj" завершена (целевые объекты Rebuild).

Сборка успешно завершена.

       "D:\Учеба\Basics of algorithmization and programming\Labs\Lab05\Project1\Project1\Project1.vcxproj" (целевой объект Rebuild ) (1) ->
       (Целевой объект ClCompile) -> 
         D:\Учеба\Basics of algorithmization and programming\Labs\Lab05\Project1\Project1\var10_1.cpp(41,1): warning C4326: возвращаемый тип "main" должен быть "int", а не "void"
         D:\Учеба\Basics of algorithmization and programming\Labs\Lab05\Project1\Project1\var10_1.cpp(153,27): warning C4018: >: несоответствие типов со знаком и без знака

    Предупреждений: 2
    Ошибок: 0

Прошло времени 00:00:00.73
