Сборка начата 07.04.2023 10:42:53.
Уровень детализации журнала: Normal.     1>Проект "D:\Учеба\Basics_of_algorithmization_and_programming\Labs\Lab12\Lab12\Dop2\Dop2.vcxproj" в узле 2 (целевые объекты Rebuild).
     1>_PrepareForClean:
         Файл "Debug\Dop2.tlog\Dop2.lastbuildstate" удаляется.
       InitializeBuildStatus:
         Создание "Debug\Dop2.tlog\unsuccessfulbuild", так как было задано "AlwaysCreate".
       ClCompile:
         C:\Program Files\Microsoft Visual Studio\2022\Community\VC\Tools\MSVC\14.33.31629\bin\HostX86\x86\CL.exe /c /ZI /JMC /nologo /W3 /WX- /diagnostics:column /sdl /Od /Oy- /D WIN32 /D _DEBUG /D _CONSOLE /D _UNICODE /D UNICODE /Gm- /EHsc /RTC1 /MDd /GS /fp:precise /Zc:wchar_t /Zc:forScope /Zc:inline /permissive- /Fo"Debug\\" /Fd"Debug\vc143.pdb" /external:W3 /Gd /TP /analyze- /FC /errorReport:prompt dop2.cpp
         dop2.cpp
     1>D:\Учеба\Basics_of_algorithmization_and_programming\Labs\Lab12\Lab12\Dop2\dop2.cpp(62): warning C4715: f: значение возвращается не при всех путях выполнения
       Link:
         C:\Program Files\Microsoft Visual Studio\2022\Community\VC\Tools\MSVC\14.33.31629\bin\HostX86\x86\link.exe /ERRORREPORT:PROMPT /OUT:"D:\Учеба\Basics_of_algorithmization_and_programming\Labs\Lab12\Lab12\Debug\Dop2.exe" /INCREMENTAL /ILK:"Debug\Dop2.ilk" /NOLOGO kernel32.lib user32.lib gdi32.lib winspool.lib comdlg32.lib advapi32.lib shell32.lib ole32.lib oleaut32.lib uuid.lib odbc32.lib odbccp32.lib /MANIFEST /MANIFESTUAC:"level='asInvoker' uiAccess='false'" /manifest:embed /DEBUG /PDB:"D:\Учеба\Basics_of_algorithmization_and_programming\Labs\Lab12\Lab12\Debug\Dop2.pdb" /SUBSYSTEM:CONSOLE /TLBID:1 /DYNAMICBASE /NXCOMPAT /IMPLIB:"D:\Учеба\Basics_of_algorithmization_and_programming\Labs\Lab12\Lab12\Debug\Dop2.lib" /MACHINE:X86 Debug\dop2.obj
         Dop2.vcxproj -> D:\Учеба\Basics_of_algorithmization_and_programming\Labs\Lab12\Lab12\Debug\Dop2.exe
       FinalizeBuildStatus:
         Файл "Debug\Dop2.tlog\unsuccessfulbuild" удаляется.
         Обращение к "Debug\Dop2.tlog\Dop2.lastbuildstate".
     1>Сборка проекта "D:\Учеба\Basics_of_algorithmization_and_programming\Labs\Lab12\Lab12\Dop2\Dop2.vcxproj" завершена (целевые объекты Rebuild).

Сборка успешно завершена.

       "D:\Учеба\Basics_of_algorithmization_and_programming\Labs\Lab12\Lab12\Dop2\Dop2.vcxproj" (целевой объект Rebuild ) (1) ->
       (Целевой объект ClCompile) -> 
         D:\Учеба\Basics_of_algorithmization_and_programming\Labs\Lab12\Lab12\Dop2\dop2.cpp(62): warning C4715: f: значение возвращается не при всех путях выполнения

    Предупреждений: 1
    Ошибок: 0

Прошло времени 00:00:01.41
