Сборка начата 17.04.2023 23:51:42.
Уровень детализации журнала: Normal.     1>Проект "D:\Учеба\Basics_of_algorithmization_and_programming\Labs\Lab12\Lab12\Dop3\Dop3.vcxproj" в узле 2 (целевые объекты Build).
     1>InitializeBuildStatus:
         Создание "Debug\Dop3.tlog\unsuccessfulbuild", так как было задано "AlwaysCreate".
       ClCompile:
         C:\Program Files\Microsoft Visual Studio\2022\Community\VC\Tools\MSVC\14.33.31629\bin\HostX86\x86\CL.exe /c /ZI /JMC /nologo /W3 /WX- /diagnostics:column /sdl /Od /Oy- /D WIN32 /D _DEBUG /D _CONSOLE /D _UNICODE /D UNICODE /Gm- /EHsc /RTC1 /MDd /GS /fp:precise /Zc:wchar_t /Zc:forScope /Zc:inline /permissive- /Fo"Debug\\" /Fd"Debug\vc143.pdb" /external:W3 /Gd /TP /analyze- /FC /errorReport:prompt dop3.cpp
         dop3.cpp
     1>D:\Учеба\Basics_of_algorithmization_and_programming\Labs\Lab12\Lab12\Dop3\dop3.cpp(654,31): warning C4018: <: несоответствие типов со знаком и без знака
       Link:
         C:\Program Files\Microsoft Visual Studio\2022\Community\VC\Tools\MSVC\14.33.31629\bin\HostX86\x86\link.exe /ERRORREPORT:PROMPT /OUT:"D:\Учеба\Basics_of_algorithmization_and_programming\Labs\Lab12\Lab12\Debug\Dop3.exe" /INCREMENTAL /ILK:"Debug\Dop3.ilk" /NOLOGO kernel32.lib user32.lib gdi32.lib winspool.lib comdlg32.lib advapi32.lib shell32.lib ole32.lib oleaut32.lib uuid.lib odbc32.lib odbccp32.lib /MANIFEST /MANIFESTUAC:"level='asInvoker' uiAccess='false'" /manifest:embed /DEBUG /PDB:"D:\Учеба\Basics_of_algorithmization_and_programming\Labs\Lab12\Lab12\Debug\Dop3.pdb" /SUBSYSTEM:CONSOLE /TLBID:1 /DYNAMICBASE /NXCOMPAT /IMPLIB:"D:\Учеба\Basics_of_algorithmization_and_programming\Labs\Lab12\Lab12\Debug\Dop3.lib" /MACHINE:X86 Debug\dop3.obj
         Dop3.vcxproj -> D:\Учеба\Basics_of_algorithmization_and_programming\Labs\Lab12\Lab12\Debug\Dop3.exe
       FinalizeBuildStatus:
         Файл "Debug\Dop3.tlog\unsuccessfulbuild" удаляется.
         Обращение к "Debug\Dop3.tlog\Dop3.lastbuildstate".
     1>Сборка проекта "D:\Учеба\Basics_of_algorithmization_and_programming\Labs\Lab12\Lab12\Dop3\Dop3.vcxproj" завершена (целевые объекты Build).

Сборка успешно завершена.

       "D:\Учеба\Basics_of_algorithmization_and_programming\Labs\Lab12\Lab12\Dop3\Dop3.vcxproj" (целевой объект Build ) (1) ->
       (Целевой объект ClCompile) -> 
         D:\Учеба\Basics_of_algorithmization_and_programming\Labs\Lab12\Lab12\Dop3\dop3.cpp(654,31): warning C4018: <: несоответствие типов со знаком и без знака

    Предупреждений: 1
    Ошибок: 0

Прошло времени 00:00:03.28
