Сборка начата 17.04.2023 14:07:55.
Уровень детализации журнала: Normal.     1>Проект "D:\Учеба\Basics_of_algorithmization_and_programming\Labs\Lab16\Lab16\Lab16\Lab16.vcxproj" в узле 2 (целевые объекты Build).
     1>InitializeBuildStatus:
         Создание "x64\Debug\Lab16.tlog\unsuccessfulbuild", так как было задано "AlwaysCreate".
       ClCompile:
         C:\Program Files\Microsoft Visual Studio\2022\Community\VC\Tools\MSVC\14.33.31629\bin\HostX64\x64\CL.exe /c /ZI /JMC /nologo /W3 /WX- /diagnostics:column /sdl /Od /D _DEBUG /D _CONSOLE /D _UNICODE /D UNICODE /Gm- /EHsc /RTC1 /MDd /GS /fp:precise /Zc:wchar_t /Zc:forScope /Zc:inline /permissive- /Fo"x64\Debug\\" /Fd"x64\Debug\vc143.pdb" /external:W3 /Gd /TP /FC /errorReport:prompt variant10.cpp
         variant10.cpp
     1>D:\Учеба\Basics_of_algorithmization_and_programming\Labs\Lab16\Lab16\Lab16\variant10.cpp(11,13): warning C4326: возвращаемый тип "main" должен быть "int", а не "void"
     1>D:\Учеба\Basics_of_algorithmization_and_programming\Labs\Lab16\Lab16\Lab16\variant10.cpp(20,12): warning C4244: аргумент: преобразование "time_t" в "unsigned int", возможна потеря данных
       Link:
         C:\Program Files\Microsoft Visual Studio\2022\Community\VC\Tools\MSVC\14.33.31629\bin\HostX64\x64\link.exe /ERRORREPORT:PROMPT /OUT:"D:\Учеба\Basics_of_algorithmization_and_programming\Labs\Lab16\Lab16\x64\Debug\Lab16.exe" /INCREMENTAL /ILK:"x64\Debug\Lab16.ilk" /NOLOGO kernel32.lib user32.lib gdi32.lib winspool.lib comdlg32.lib advapi32.lib shell32.lib ole32.lib oleaut32.lib uuid.lib odbc32.lib odbccp32.lib /MANIFEST /MANIFESTUAC:"level='asInvoker' uiAccess='false'" /manifest:embed /DEBUG /PDB:"D:\Учеба\Basics_of_algorithmization_and_programming\Labs\Lab16\Lab16\x64\Debug\Lab16.pdb" /SUBSYSTEM:CONSOLE /TLBID:1 /DYNAMICBASE /NXCOMPAT /IMPLIB:"D:\Учеба\Basics_of_algorithmization_and_programming\Labs\Lab16\Lab16\x64\Debug\Lab16.lib" /MACHINE:X64 x64\Debug\variant10.obj
         Lab16.vcxproj -> D:\Учеба\Basics_of_algorithmization_and_programming\Labs\Lab16\Lab16\x64\Debug\Lab16.exe
       FinalizeBuildStatus:
         Файл "x64\Debug\Lab16.tlog\unsuccessfulbuild" удаляется.
         Обращение к "x64\Debug\Lab16.tlog\Lab16.lastbuildstate".
     1>Сборка проекта "D:\Учеба\Basics_of_algorithmization_and_programming\Labs\Lab16\Lab16\Lab16\Lab16.vcxproj" завершена (целевые объекты Build).

Сборка успешно завершена.

       "D:\Учеба\Basics_of_algorithmization_and_programming\Labs\Lab16\Lab16\Lab16\Lab16.vcxproj" (целевой объект Build ) (1) ->
       (Целевой объект ClCompile) -> 
         D:\Учеба\Basics_of_algorithmization_and_programming\Labs\Lab16\Lab16\Lab16\variant10.cpp(11,13): warning C4326: возвращаемый тип "main" должен быть "int", а не "void"
         D:\Учеба\Basics_of_algorithmization_and_programming\Labs\Lab16\Lab16\Lab16\variant10.cpp(20,12): warning C4244: аргумент: преобразование "time_t" в "unsigned int", возможна потеря данных

    Предупреждений: 2
    Ошибок: 0

Прошло времени 00:00:02.41
