Сборка начата 17.04.2023 14:21:49.
Уровень детализации журнала: Normal.     1>Проект "D:\Учеба\Basics_of_algorithmization_and_programming\Labs\Lab17\Lab17\Lab17\Lab17.vcxproj" в узле 2 (целевые объекты Build).
     1>InitializeBuildStatus:
         Создание "x64\Debug\Lab17.tlog\unsuccessfulbuild", так как было задано "AlwaysCreate".
       ClCompile:
         C:\Program Files\Microsoft Visual Studio\2022\Community\VC\Tools\MSVC\14.33.31629\bin\HostX64\x64\CL.exe /c /ZI /JMC /nologo /W3 /WX- /diagnostics:column /sdl /Od /D _DEBUG /D _CONSOLE /D _UNICODE /D UNICODE /Gm- /EHsc /RTC1 /MDd /GS /fp:precise /Zc:wchar_t /Zc:forScope /Zc:inline /permissive- /Fo"x64\Debug\\" /Fd"x64\Debug\vc143.pdb" /external:W3 /Gd /TP /FC /errorReport:prompt lab17.cpp
         lab17.cpp
     1>D:\Учеба\Basics_of_algorithmization_and_programming\Labs\Lab17\Lab17\Lab17\lab17.cpp(10,13): warning C4326: возвращаемый тип "main" должен быть "int", а не "void"
       Link:
         C:\Program Files\Microsoft Visual Studio\2022\Community\VC\Tools\MSVC\14.33.31629\bin\HostX64\x64\link.exe /ERRORREPORT:PROMPT /OUT:"D:\Учеба\Basics_of_algorithmization_and_programming\Labs\Lab17\Lab17\x64\Debug\Lab17.exe" /INCREMENTAL /ILK:"x64\Debug\Lab17.ilk" /NOLOGO kernel32.lib user32.lib gdi32.lib winspool.lib comdlg32.lib advapi32.lib shell32.lib ole32.lib oleaut32.lib uuid.lib odbc32.lib odbccp32.lib /MANIFEST /MANIFESTUAC:"level='asInvoker' uiAccess='false'" /manifest:embed /DEBUG /PDB:"D:\Учеба\Basics_of_algorithmization_and_programming\Labs\Lab17\Lab17\x64\Debug\Lab17.pdb" /SUBSYSTEM:CONSOLE /TLBID:1 /DYNAMICBASE /NXCOMPAT /IMPLIB:"D:\Учеба\Basics_of_algorithmization_and_programming\Labs\Lab17\Lab17\x64\Debug\Lab17.lib" /MACHINE:X64 x64\Debug\lab17.obj
     1>C:\Program Files\Microsoft Visual Studio\2022\Community\MSBuild\Microsoft\VC\v170\Microsoft.CppCommon.targets(1094,5): error MSB6006: "link.exe" завершилась с кодом 1168.
     1>LINK : fatal error LNK1168: не удается открыть D:\Учеба\Basics_of_algorithmization_and_programming\Labs\Lab17\Lab17\x64\Debug\Lab17.exe для записи
     1>Сборка проекта "D:\Учеба\Basics_of_algorithmization_and_programming\Labs\Lab17\Lab17\Lab17\Lab17.vcxproj" завершена (целевые объекты Build) с ошибкой.

Ошибка сборки.

       "D:\Учеба\Basics_of_algorithmization_and_programming\Labs\Lab17\Lab17\Lab17\Lab17.vcxproj" (целевой объект Build ) (1) ->
       (Целевой объект ClCompile) -> 
         D:\Учеба\Basics_of_algorithmization_and_programming\Labs\Lab17\Lab17\Lab17\lab17.cpp(10,13): warning C4326: возвращаемый тип "main" должен быть "int", а не "void"


       "D:\Учеба\Basics_of_algorithmization_and_programming\Labs\Lab17\Lab17\Lab17\Lab17.vcxproj" (целевой объект Build ) (1) ->
       (Целевой объект Link) -> 
         C:\Program Files\Microsoft Visual Studio\2022\Community\MSBuild\Microsoft\VC\v170\Microsoft.CppCommon.targets(1094,5): error MSB6006: "link.exe" завершилась с кодом 1168.
         LINK : fatal error LNK1168: не удается открыть D:\Учеба\Basics_of_algorithmization_and_programming\Labs\Lab17\Lab17\x64\Debug\Lab17.exe для записи

    Предупреждений: 1
    Ошибок: 2

Прошло времени 00:00:01.13
