Сборка начата 23.03.2023 13:29:27.
Уровень детализации журнала: Normal.     1>Проект "D:\Учеба\Basics of algorithmization and programming\Labs\Lab07\Lab07\Lab07_var2\Lab07_var2.vcxproj" в узле 2 (целевые объекты Build).
     1>InitializeBuildStatus:
         Создание "x64\Debug\Lab07_var2.tlog\unsuccessfulbuild", так как было задано "AlwaysCreate".
       ClCompile:
         C:\Program Files\Microsoft Visual Studio\2022\Community\VC\Tools\MSVC\14.33.31629\bin\HostX64\x64\CL.exe /c /ZI /JMC /nologo /W3 /WX- /diagnostics:column /sdl /Od /D _DEBUG /D _CONSOLE /D _UNICODE /D UNICODE /Gm- /EHsc /RTC1 /MDd /GS /fp:precise /Zc:wchar_t /Zc:forScope /Zc:inline /permissive- /Fo"x64\Debug\\" /Fd"x64\Debug\vc143.pdb" /external:W3 /Gd /TP /FC /errorReport:prompt functions.cpp main.cpp
         functions.cpp
     1>D:\Учеба\Basics of algorithmization and programming\Labs\Lab07\Lab07\Lab07_var2\functions.cpp(8,20): warning C4244: =: преобразование "double" в "float", возможна потеря данных
         main.cpp
     1>D:\Учеба\Basics of algorithmization and programming\Labs\Lab07\Lab07\Lab07_var2\main.cpp(19,6): warning C4101: number: неиспользованная локальная переменная
         Создание кода...
       Link:
         C:\Program Files\Microsoft Visual Studio\2022\Community\VC\Tools\MSVC\14.33.31629\bin\HostX64\x64\link.exe /ERRORREPORT:PROMPT /OUT:"D:\Учеба\Basics of algorithmization and programming\Labs\Lab07\Lab07\x64\Debug\Lab07_var2.exe" /INCREMENTAL /ILK:"x64\Debug\Lab07_var2.ilk" /NOLOGO kernel32.lib user32.lib gdi32.lib winspool.lib comdlg32.lib advapi32.lib shell32.lib ole32.lib oleaut32.lib uuid.lib odbc32.lib odbccp32.lib /MANIFEST /MANIFESTUAC:"level='asInvoker' uiAccess='false'" /manifest:embed /DEBUG /PDB:"D:\Учеба\Basics of algorithmization and programming\Labs\Lab07\Lab07\x64\Debug\Lab07_var2.pdb" /SUBSYSTEM:CONSOLE /TLBID:1 /DYNAMICBASE /NXCOMPAT /IMPLIB:"D:\Учеба\Basics of algorithmization and programming\Labs\Lab07\Lab07\x64\Debug\Lab07_var2.lib" /MACHINE:X64 x64\Debug\functions.obj
         x64\Debug\main.obj
         Lab07_var2.vcxproj -> D:\Учеба\Basics of algorithmization and programming\Labs\Lab07\Lab07\x64\Debug\Lab07_var2.exe
       FinalizeBuildStatus:
         Файл "x64\Debug\Lab07_var2.tlog\unsuccessfulbuild" удаляется.
         Обращение к "x64\Debug\Lab07_var2.tlog\Lab07_var2.lastbuildstate".
     1>Сборка проекта "D:\Учеба\Basics of algorithmization and programming\Labs\Lab07\Lab07\Lab07_var2\Lab07_var2.vcxproj" завершена (целевые объекты Build).

Сборка успешно завершена.

       "D:\Учеба\Basics of algorithmization and programming\Labs\Lab07\Lab07\Lab07_var2\Lab07_var2.vcxproj" (целевой объект Build ) (1) ->
       (Целевой объект ClCompile) -> 
         D:\Учеба\Basics of algorithmization and programming\Labs\Lab07\Lab07\Lab07_var2\functions.cpp(8,20): warning C4244: =: преобразование "double" в "float", возможна потеря данных
         D:\Учеба\Basics of algorithmization and programming\Labs\Lab07\Lab07\Lab07_var2\main.cpp(19,6): warning C4101: number: неиспользованная локальная переменная

    Предупреждений: 2
    Ошибок: 0

Прошло времени 00:00:03.43
