Сборка начата 11.04.2023 19:44:42.
Уровень детализации журнала: Normal.     1>Проект "D:\Учеба\Basics_of_algorithmization_and_programming\Labs\Lab11\Lab11\Lab11\Lab11.vcxproj" в узле 2 (целевые объекты Build).
     1>InitializeBuildStatus:
         Создание "Release\Lab11.tlog\unsuccessfulbuild", так как было задано "AlwaysCreate".
       ClCompile:
         C:\Program Files\Microsoft Visual Studio\2022\Community\VC\Tools\MSVC\14.33.31629\bin\HostX86\x86\CL.exe /c /Zi /nologo /W3 /WX- /diagnostics:column /sdl /O2 /Oi /Oy- /GL /D WIN32 /D NDEBUG /D _CONSOLE /D _UNICODE /D UNICODE /Gm- /EHsc /MD /GS /Gy /fp:precise /Zc:wchar_t /Zc:forScope /Zc:inline /permissive- /Fo"Release\\" /Fd"Release\vc143.pdb" /external:W3 /Gd /TP /analyze- /FC /errorReport:prompt lab11_10.cpp
         lab11_10.cpp
     1>D:\Учеба\Basics_of_algorithmization_and_programming\Labs\Lab11\Lab11\Lab11\lab11_10.cpp(29,1): warning C4326: возвращаемый тип "main" должен быть "int", а не "void"
     1>D:\Учеба\Basics_of_algorithmization_and_programming\Labs\Lab11\Lab11\Lab11\lab11_10.cpp(31,24): warning C4101: letter: неиспользованная локальная переменная
     1>D:\Учеба\Basics_of_algorithmization_and_programming\Labs\Lab11\Lab11\Lab11\lab11_10.cpp(30,23): warning C4101: n: неиспользованная локальная переменная
     1>D:\Учеба\Basics_of_algorithmization_and_programming\Labs\Lab11\Lab11\Lab11\lab11_10.cpp(262,14): warning C4244: =: преобразование "double" в "float", возможна потеря данных
       Link:
         C:\Program Files\Microsoft Visual Studio\2022\Community\VC\Tools\MSVC\14.33.31629\bin\HostX86\x86\link.exe /ERRORREPORT:PROMPT /OUT:"D:\Учеба\Basics_of_algorithmization_and_programming\Labs\Lab11\Lab11\Release\Lab11.exe" /NOLOGO kernel32.lib user32.lib gdi32.lib winspool.lib comdlg32.lib advapi32.lib shell32.lib ole32.lib oleaut32.lib uuid.lib odbc32.lib odbccp32.lib /MANIFEST /MANIFESTUAC:"level='asInvoker' uiAccess='false'" /manifest:embed /DEBUG /PDB:"D:\Учеба\Basics_of_algorithmization_and_programming\Labs\Lab11\Lab11\Release\Lab11.pdb" /SUBSYSTEM:CONSOLE /OPT:REF /OPT:ICF /LTCG:incremental /LTCGOUT:"Release\Lab11.iobj" /TLBID:1 /DYNAMICBASE /NXCOMPAT /IMPLIB:"D:\Учеба\Basics_of_algorithmization_and_programming\Labs\Lab11\Lab11\Release\Lab11.lib" /MACHINE:X86 /SAFESEH Release\lab11_10.obj
         Создание кода
         0 of 50 functions ( 0.0%) were compiled, the rest were copied from previous compilation.
           0 functions were new in current compilation
           0 functions had inline decision re-evaluated but remain unchanged
         Создание кода завершено
         Lab11.vcxproj -> D:\Учеба\Basics_of_algorithmization_and_programming\Labs\Lab11\Lab11\Release\Lab11.exe
       FinalizeBuildStatus:
         Файл "Release\Lab11.tlog\unsuccessfulbuild" удаляется.
         Обращение к "Release\Lab11.tlog\Lab11.lastbuildstate".
     1>Сборка проекта "D:\Учеба\Basics_of_algorithmization_and_programming\Labs\Lab11\Lab11\Lab11\Lab11.vcxproj" завершена (целевые объекты Build).

Сборка успешно завершена.

       "D:\Учеба\Basics_of_algorithmization_and_programming\Labs\Lab11\Lab11\Lab11\Lab11.vcxproj" (целевой объект Build ) (1) ->
       (Целевой объект ClCompile) -> 
         D:\Учеба\Basics_of_algorithmization_and_programming\Labs\Lab11\Lab11\Lab11\lab11_10.cpp(29,1): warning C4326: возвращаемый тип "main" должен быть "int", а не "void"
         D:\Учеба\Basics_of_algorithmization_and_programming\Labs\Lab11\Lab11\Lab11\lab11_10.cpp(31,24): warning C4101: letter: неиспользованная локальная переменная
         D:\Учеба\Basics_of_algorithmization_and_programming\Labs\Lab11\Lab11\Lab11\lab11_10.cpp(30,23): warning C4101: n: неиспользованная локальная переменная
         D:\Учеба\Basics_of_algorithmization_and_programming\Labs\Lab11\Lab11\Lab11\lab11_10.cpp(262,14): warning C4244: =: преобразование "double" в "float", возможна потеря данных

    Предупреждений: 4
    Ошибок: 0

Прошло времени 00:00:02.70
