Сборка начата 16.05.2023 23:03:41.
Уровень детализации журнала: Normal.     1>Проект "D:\Учеба\Basics_of_algorithmization_and_programming\примеры\Sort_analysis\Sort_Analasys\Sort_Analasys\Sort_Analasys.vcxproj" в узле 2 (целевые объекты Build).
     1>InitializeBuildStatus:
         Создание "x64\Debug\Sort_Analasys.tlog\unsuccessfulbuild", так как было задано "AlwaysCreate".
       ClCompile:
         C:\Program Files\Microsoft Visual Studio\2022\Community\VC\Tools\MSVC\14.33.31629\bin\HostX64\x64\CL.exe /c /ZI /JMC /nologo /W3 /WX- /diagnostics:column /sdl /Od /D _DEBUG /D _CONSOLE /D _UNICODE /D UNICODE /Gm- /EHsc /RTC1 /MDd /GS /fp:precise /Zc:wchar_t /Zc:forScope /Zc:inline /permissive- /Fo"x64\Debug\\" /Fd"x64\Debug\vc143.pdb" /external:W3 /Gd /TP /FC /errorReport:prompt main.cpp
         main.cpp
     1>D:\Учеба\Basics_of_algorithmization_and_programming\примеры\Sort_analysis\Sort_Analasys\Sort_Analasys\main.cpp(15,13): warning C4326: возвращаемый тип "main" должен быть "int", а не "void"
     1>D:\Учеба\Basics_of_algorithmization_and_programming\примеры\Sort_analysis\Sort_Analasys\Sort_Analasys\main.cpp(24,12): warning C4244: аргумент: преобразование "time_t" в "unsigned int", возможна потеря данных
     1>D:\Учеба\Basics_of_algorithmization_and_programming\примеры\Sort_analysis\Sort_Analasys\Sort_Analasys\main.cpp(18,6): warning C4101: sizeA: неиспользованная локальная переменная
       Link:
         C:\Program Files\Microsoft Visual Studio\2022\Community\VC\Tools\MSVC\14.33.31629\bin\HostX64\x64\link.exe /ERRORREPORT:PROMPT /OUT:"D:\Учеба\Basics_of_algorithmization_and_programming\примеры\Sort_analysis\Sort_Analasys\x64\Debug\Sort_Analasys.exe" /INCREMENTAL /ILK:"x64\Debug\Sort_Analasys.ilk" /NOLOGO kernel32.lib user32.lib gdi32.lib winspool.lib comdlg32.lib advapi32.lib shell32.lib ole32.lib oleaut32.lib uuid.lib odbc32.lib odbccp32.lib /MANIFEST /MANIFESTUAC:"level='asInvoker' uiAccess='false'" /manifest:embed /DEBUG /PDB:"D:\Учеба\Basics_of_algorithmization_and_programming\примеры\Sort_analysis\Sort_Analasys\x64\Debug\Sort_Analasys.pdb" /SUBSYSTEM:CONSOLE /TLBID:1 /DYNAMICBASE /NXCOMPAT /IMPLIB:"D:\Учеба\Basics_of_algorithmization_and_programming\примеры\Sort_analysis\Sort_Analasys\x64\Debug\Sort_Analasys.lib" /MACHINE:X64 x64\Debug\main.obj
         Sort_Analasys.vcxproj -> D:\Учеба\Basics_of_algorithmization_and_programming\примеры\Sort_analysis\Sort_Analasys\x64\Debug\Sort_Analasys.exe
       FinalizeBuildStatus:
         Файл "x64\Debug\Sort_Analasys.tlog\unsuccessfulbuild" удаляется.
         Обращение к "x64\Debug\Sort_Analasys.tlog\Sort_Analasys.lastbuildstate".
     1>Сборка проекта "D:\Учеба\Basics_of_algorithmization_and_programming\примеры\Sort_analysis\Sort_Analasys\Sort_Analasys\Sort_Analasys.vcxproj" завершена (целевые объекты Build).

Сборка успешно завершена.

       "D:\Учеба\Basics_of_algorithmization_and_programming\примеры\Sort_analysis\Sort_Analasys\Sort_Analasys\Sort_Analasys.vcxproj" (целевой объект Build ) (1) ->
       (Целевой объект ClCompile) -> 
         D:\Учеба\Basics_of_algorithmization_and_programming\примеры\Sort_analysis\Sort_Analasys\Sort_Analasys\main.cpp(15,13): warning C4326: возвращаемый тип "main" должен быть "int", а не "void"
         D:\Учеба\Basics_of_algorithmization_and_programming\примеры\Sort_analysis\Sort_Analasys\Sort_Analasys\main.cpp(24,12): warning C4244: аргумент: преобразование "time_t" в "unsigned int", возможна потеря данных
         D:\Учеба\Basics_of_algorithmization_and_programming\примеры\Sort_analysis\Sort_Analasys\Sort_Analasys\main.cpp(18,6): warning C4101: sizeA: неиспользованная локальная переменная

    Предупреждений: 3
    Ошибок: 0

Прошло времени 00:00:02.13
