d:\учеба\basics of algorithmization and programming\labs\lab01\lab01\x64\debug\vc143.pdb
d:\учеба\basics of algorithmization and programming\labs\lab01\lab01\x64\debug\vc143.idb
d:\учеба\basics of algorithmization and programming\labs\lab01\lab01\x64\debug\lab01_var7_task2.obj
d:\учеба\basics of algorithmization and programming\labs\lab01\lab01\x64\debug\lab01_var7_task1.obj
d:\учеба\basics of algorithmization and programming\labs\lab01\lab01\x64\debug\lab01_var1_task1.obj
d:\учеба\basics of algorithmization and programming\labs\lab01\lab01\x64\debug\lab01_var10_task2.obj
d:\учеба\basics of algorithmization and programming\labs\lab01\lab01\x64\debug\lab01_var4_task2.obj
d:\учеба\basics of algorithmization and programming\labs\lab01\lab01\x64\debug\lab01_var4_task1.obj
d:\учеба\basics of algorithmization and programming\labs\lab01\lab01\x64\debug\lab01_var1_task2.obj
d:\учеба\basics of algorithmization and programming\labs\lab01\lab01\x64\debug\lab01_var10_task1.obj
d:\учеба\basics of algorithmization and programming\labs\lab01\lab01\x64\debug\lab01_10.obj
d:\учеба\basics of algorithmization and programming\labs\lab01\x64\debug\lab01.exe
d:\учеба\basics of algorithmization and programming\labs\lab01\lab01\x64\debug\lab01.ilk
d:\учеба\basics of algorithmization and programming\labs\lab01\x64\debug\lab01.pdb
d:\учеба\basics of algorithmization and programming\labs\lab01\lab01\x64\debug\lab01.tlog\cl.command.1.tlog
d:\учеба\basics of algorithmization and programming\labs\lab01\lab01\x64\debug\lab01.tlog\cl.read.1.tlog
d:\учеба\basics of algorithmization and programming\labs\lab01\lab01\x64\debug\lab01.tlog\cl.write.1.tlog
d:\учеба\basics of algorithmization and programming\labs\lab01\lab01\x64\debug\lab01.tlog\link.command.1.tlog
d:\учеба\basics of algorithmization and programming\labs\lab01\lab01\x64\debug\lab01.tlog\link.read.1.tlog
d:\учеба\basics of algorithmization and programming\labs\lab01\lab01\x64\debug\lab01.tlog\link.write.1.tlog
