Сборка начата 29.03.2023 1:06:06.
Уровень детализации журнала: Normal.     1>Проект "D:\Учеба\Basics of algorithmization and programming\Labs\Lab09\lab09\Dop1\Dop1.vcxproj" в узле 2 (целевые объекты Build).
     1>InitializeBuildStatus:
         Создание "x64\Debug\Dop1.tlog\unsuccessfulbuild", так как было задано "AlwaysCreate".
       ClCompile:
         C:\Program Files\Microsoft Visual Studio\2022\Community\VC\Tools\MSVC\14.33.31629\bin\HostX64\x64\CL.exe /c /ZI /JMC /nologo /W3 /WX- /diagnostics:column /sdl /Od /D _DEBUG /D _CONSOLE /D _UNICODE /D UNICODE /Gm- /EHsc /RTC1 /MDd /GS /fp:precise /Zc:wchar_t /Zc:forScope /Zc:inline /permissive- /Fo"x64\Debug\\" /Fd"x64\Debug\vc143.pdb" /external:W3 /Gd /TP /FC /errorReport:prompt dop1.cpp
         dop1.cpp
     1>D:\Учеба\Basics of algorithmization and programming\Labs\Lab09\lab09\Dop1\dop1.cpp(211,7): warning C4101: s: неиспользованная локальная переменная
     1>D:\Учеба\Basics of algorithmization and programming\Labs\Lab09\lab09\Dop1\dop1.cpp(211,18): warning C4101: c: неиспользованная локальная переменная
       Link:
         C:\Program Files\Microsoft Visual Studio\2022\Community\VC\Tools\MSVC\14.33.31629\bin\HostX64\x64\link.exe /ERRORREPORT:PROMPT /OUT:"D:\Учеба\Basics of algorithmization and programming\Labs\Lab09\lab09\x64\Debug\Dop1.exe" /INCREMENTAL /ILK:"x64\Debug\Dop1.ilk" /NOLOGO kernel32.lib user32.lib gdi32.lib winspool.lib comdlg32.lib advapi32.lib shell32.lib ole32.lib oleaut32.lib uuid.lib odbc32.lib odbccp32.lib /MANIFEST /MANIFESTUAC:"level='asInvoker' uiAccess='false'" /manifest:embed /DEBUG /PDB:"D:\Учеба\Basics of algorithmization and programming\Labs\Lab09\lab09\x64\Debug\Dop1.pdb" /SUBSYSTEM:CONSOLE /TLBID:1 /DYNAMICBASE /NXCOMPAT /IMPLIB:"D:\Учеба\Basics of algorithmization and programming\Labs\Lab09\lab09\x64\Debug\Dop1.lib" /MACHINE:X64 x64\Debug\dop1.obj
         Dop1.vcxproj -> D:\Учеба\Basics of algorithmization and programming\Labs\Lab09\lab09\x64\Debug\Dop1.exe
       FinalizeBuildStatus:
         Файл "x64\Debug\Dop1.tlog\unsuccessfulbuild" удаляется.
         Обращение к "x64\Debug\Dop1.tlog\Dop1.lastbuildstate".
     1>Сборка проекта "D:\Учеба\Basics of algorithmization and programming\Labs\Lab09\lab09\Dop1\Dop1.vcxproj" завершена (целевые объекты Build).

Сборка успешно завершена.

       "D:\Учеба\Basics of algorithmization and programming\Labs\Lab09\lab09\Dop1\Dop1.vcxproj" (целевой объект Build ) (1) ->
       (Целевой объект ClCompile) -> 
         D:\Учеба\Basics of algorithmization and programming\Labs\Lab09\lab09\Dop1\dop1.cpp(211,7): warning C4101: s: неиспользованная локальная переменная
         D:\Учеба\Basics of algorithmization and programming\Labs\Lab09\lab09\Dop1\dop1.cpp(211,18): warning C4101: c: неиспользованная локальная переменная

    Предупреждений: 2
    Ошибок: 0

Прошло времени 00:00:01.89
