Сборка начата 09.03.2023 13:24:51.
Уровень детализации журнала: Normal.     1>Проект "D:\Учеба\Basics of algorithmization and programming\Labs\Lab04\Lab04_dop1\Lab04_dop1.vcxproj" в узле 2 (целевые объекты Rebuild).
     1>_PrepareForClean:
         Файл "Debug\Lab04_dop1.tlog\Lab04_dop1.lastbuildstate" удаляется.
       InitializeBuildStatus:
         Создание "Debug\Lab04_dop1.tlog\unsuccessfulbuild", так как было задано "AlwaysCreate".
       ClCompile:
         C:\Program Files\Microsoft Visual Studio\2022\Community\VC\Tools\MSVC\14.33.31629\bin\HostX86\x86\CL.exe /c /ZI /JMC /nologo /W3 /WX- /diagnostics:column /sdl /Od /Oy- /D WIN32 /D _DEBUG /D _CONSOLE /D _UNICODE /D UNICODE /Gm- /EHsc /RTC1 /MDd /GS /fp:precise /Zc:wchar_t /Zc:forScope /Zc:inline /permissive- /Fo"Debug\\" /Fd"Debug\vc143.pdb" /external:W3 /Gd /TP /analyze- /FC /errorReport:prompt lab04_dop1.cpp
         lab04_dop1.cpp
       Link:
         C:\Program Files\Microsoft Visual Studio\2022\Community\VC\Tools\MSVC\14.33.31629\bin\HostX86\x86\link.exe /ERRORREPORT:PROMPT /OUT:"D:\Учеба\Basics of algorithmization and programming\Labs\Lab04\Debug\Lab04_dop1.exe" /INCREMENTAL /ILK:"Debug\Lab04_dop1.ilk" /NOLOGO kernel32.lib user32.lib gdi32.lib winspool.lib comdlg32.lib advapi32.lib shell32.lib ole32.lib oleaut32.lib uuid.lib odbc32.lib odbccp32.lib /MANIFEST /MANIFESTUAC:"level='asInvoker' uiAccess='false'" /manifest:embed /DEBUG /PDB:"D:\Учеба\Basics of algorithmization and programming\Labs\Lab04\Debug\Lab04_dop1.pdb" /SUBSYSTEM:CONSOLE /TLBID:1 /DYNAMICBASE /NXCOMPAT /IMPLIB:"D:\Учеба\Basics of algorithmization and programming\Labs\Lab04\Debug\Lab04_dop1.lib" /MACHINE:X86 Debug\lab04_dop1.obj
         Lab04_dop1.vcxproj -> D:\Учеба\Basics of algorithmization and programming\Labs\Lab04\Debug\Lab04_dop1.exe
       FinalizeBuildStatus:
         Файл "Debug\Lab04_dop1.tlog\unsuccessfulbuild" удаляется.
         Обращение к "Debug\Lab04_dop1.tlog\Lab04_dop1.lastbuildstate".
     1>Сборка проекта "D:\Учеба\Basics of algorithmization and programming\Labs\Lab04\Lab04_dop1\Lab04_dop1.vcxproj" завершена (целевые объекты Rebuild).

Сборка успешно завершена.
    Предупреждений: 0
    Ошибок: 0

Прошло времени 00:00:02.02
