Сборка начата 19.03.2023 11:37:59.
Уровень детализации журнала: Normal.     1>Проект "D:\Учеба\Basics of algorithmization and programming\примеры\list_first_example\list_second_example\list_second_example.vcxproj" в узле 2 (целевые объекты Build).
     1>PrepareForBuild:
         Создание каталога "x64\Debug\list_sec.8ac7bf6c.tlog\".
       InitializeBuildStatus:
         Создание "x64\Debug\list_sec.8ac7bf6c.tlog\unsuccessfulbuild", так как было задано "AlwaysCreate".
       ClCompile:
         C:\Program Files\Microsoft Visual Studio\2022\Community\VC\Tools\MSVC\14.33.31629\bin\HostX64\x64\CL.exe /c /ZI /JMC /nologo /W3 /WX- /diagnostics:column /sdl /Od /D _DEBUG /D _CONSOLE /D _UNICODE /D UNICODE /Gm- /EHsc /RTC1 /MDd /GS /fp:precise /Zc:wchar_t /Zc:forScope /Zc:inline /permissive- /Fo"x64\Debug\\" /Fd"x64\Debug\vc143.pdb" /external:W3 /Gd /TP /FC /errorReport:prompt list_second_example.cpp
         list_second_example.cpp
     1>D:\Учеба\Basics of algorithmization and programming\примеры\list_first_example\list_second_example\list_second_example.cpp(27,1): warning C4326: возвращаемый тип "main" должен быть "int", а не "void"
       Link:
         C:\Program Files\Microsoft Visual Studio\2022\Community\VC\Tools\MSVC\14.33.31629\bin\HostX64\x64\link.exe /ERRORREPORT:PROMPT /OUT:"D:\Учеба\Basics of algorithmization and programming\примеры\list_first_example\x64\Debug\list_second_example.exe" /INCREMENTAL /ILK:"x64\Debug\list_second_example.ilk" /NOLOGO kernel32.lib user32.lib gdi32.lib winspool.lib comdlg32.lib advapi32.lib shell32.lib ole32.lib oleaut32.lib uuid.lib odbc32.lib odbccp32.lib /MANIFEST /MANIFESTUAC:"level='asInvoker' uiAccess='false'" /manifest:embed /DEBUG /PDB:"D:\Учеба\Basics of algorithmization and programming\примеры\list_first_example\x64\Debug\list_second_example.pdb" /SUBSYSTEM:CONSOLE /TLBID:1 /DYNAMICBASE /NXCOMPAT /IMPLIB:"D:\Учеба\Basics of algorithmization and programming\примеры\list_first_example\x64\Debug\list_second_example.lib" /MACHINE:X64 x64\Debug\list_second_example.obj
         list_second_example.vcxproj -> D:\Учеба\Basics of algorithmization and programming\примеры\list_first_example\x64\Debug\list_second_example.exe
       FinalizeBuildStatus:
         Файл "x64\Debug\list_sec.8ac7bf6c.tlog\unsuccessfulbuild" удаляется.
         Обращение к "x64\Debug\list_sec.8ac7bf6c.tlog\list_second_example.lastbuildstate".
     1>Сборка проекта "D:\Учеба\Basics of algorithmization and programming\примеры\list_first_example\list_second_example\list_second_example.vcxproj" завершена (целевые объекты Build).

Сборка успешно завершена.

       "D:\Учеба\Basics of algorithmization and programming\примеры\list_first_example\list_second_example\list_second_example.vcxproj" (целевой объект Build ) (1) ->
       (Целевой объект ClCompile) -> 
         D:\Учеба\Basics of algorithmization and programming\примеры\list_first_example\list_second_example\list_second_example.cpp(27,1): warning C4326: возвращаемый тип "main" должен быть "int", а не "void"

    Предупреждений: 1
    Ошибок: 0

Прошло времени 00:00:01.73
