Сборка начата 17.04.2023 19:02:33.
Уровень детализации журнала: Normal.     1>Проект "D:\Учеба\Basics_of_algorithmization_and_programming\Labs\Lab15\Lab15\Lb)\Lb).vcxproj" в узле 2 (целевые объекты Build).
     1>InitializeBuildStatus:
         Создание "Debug\Lb).tlog\unsuccessfulbuild", так как было задано "AlwaysCreate".
       ClCompile:
         C:\Program Files\Microsoft Visual Studio\2022\Community\VC\Tools\MSVC\14.33.31629\bin\HostX86\x86\CL.exe /c /ZI /JMC /nologo /W3 /WX- /diagnostics:column /sdl /Od /Oy- /D WIN32 /D _DEBUG /D _CONSOLE /D _UNICODE /D UNICODE /Gm- /EHsc /RTC1 /MDd /GS /fp:precise /Zc:wchar_t /Zc:forScope /Zc:inline /permissive- /Fo"Debug\\" /Fd"Debug\vc143.pdb" /external:W3 /Gd /TP /analyze- /FC /errorReport:prompt Lab15.cpp List.cpp
         Lab15.cpp
     1>D:\Учеба\Basics_of_algorithmization_and_programming\Labs\Lab15\Lab15\Lb)\Lab15.cpp(42,12): warning C4244: аргумент: преобразование "time_t" в "unsigned int", возможна потеря данных
         List.cpp
         Создание кода...
       Link:
         C:\Program Files\Microsoft Visual Studio\2022\Community\VC\Tools\MSVC\14.33.31629\bin\HostX86\x86\link.exe /ERRORREPORT:PROMPT /OUT:"D:\Учеба\Basics_of_algorithmization_and_programming\Labs\Lab15\Lab15\Debug\Lb).exe" /INCREMENTAL /ILK:"Debug\Lb).ilk" /NOLOGO kernel32.lib user32.lib gdi32.lib winspool.lib comdlg32.lib advapi32.lib shell32.lib ole32.lib oleaut32.lib uuid.lib odbc32.lib odbccp32.lib /MANIFEST /MANIFESTUAC:"level='asInvoker' uiAccess='false'" /manifest:embed /DEBUG /PDB:"D:\Учеба\Basics_of_algorithmization_and_programming\Labs\Lab15\Lab15\Debug\Lb).pdb" /SUBSYSTEM:CONSOLE /TLBID:1 /DYNAMICBASE /NXCOMPAT /IMPLIB:"D:\Учеба\Basics_of_algorithmization_and_programming\Labs\Lab15\Lab15\Debug\Lb).lib" /MACHINE:X86 Debug\Hash_Table.obj
         Debug\Lab15.obj
         Debug\List.obj
         Lb).vcxproj -> D:\Учеба\Basics_of_algorithmization_and_programming\Labs\Lab15\Lab15\Debug\Lb).exe
       FinalizeBuildStatus:
         Файл "Debug\Lb).tlog\unsuccessfulbuild" удаляется.
         Обращение к "Debug\Lb).tlog\Lb).lastbuildstate".
     1>Сборка проекта "D:\Учеба\Basics_of_algorithmization_and_programming\Labs\Lab15\Lab15\Lb)\Lb).vcxproj" завершена (целевые объекты Build).

Сборка успешно завершена.

       "D:\Учеба\Basics_of_algorithmization_and_programming\Labs\Lab15\Lab15\Lb)\Lb).vcxproj" (целевой объект Build ) (1) ->
       (Целевой объект ClCompile) -> 
         D:\Учеба\Basics_of_algorithmization_and_programming\Labs\Lab15\Lab15\Lb)\Lab15.cpp(42,12): warning C4244: аргумент: преобразование "time_t" в "unsigned int", возможна потеря данных

    Предупреждений: 1
    Ошибок: 0

Прошло времени 00:00:03.63
